<?xml version="1.0" encoding="UTF-8"?>
<!-- Generated by org.testng.reporters.JUnitReportReporter -->
<testsuite skipped="0" hostname="DESKTOP-81ARGGN" name="com.citi.test.DemoTest" tests="2" failures="0" timestamp="2021-03-09T14:54:31 IST" time="32.863" errors="0">
  <testcase name="validCredentialTest1" time="16.742" classname="com.citi.test.DemoTest"/>
  <system-out/>
  <testcase name="validCredentialTest1" time="16.121" classname="com.citi.test.DemoTest"/>
  <system-out/>
</testsuite> <!-- com.citi.test.DemoTest -->
