<?xml version="1.0" encoding="UTF-8"?>
<!-- Generated by org.testng.reporters.JUnitReportReporter -->
<testsuite skipped="0" hostname="DESKTOP-81ARGGN" name="com.citi.test.LoginTest" tests="3" failures="0" timestamp="2021-03-10T10:48:20 IST" time="53.257" errors="0">
  <testcase name="invalidCredentialTest" time="17.331" classname="com.citi.test.LoginTest"/>
  <system-out/>
  <testcase name="invalidCredentialTest" time="16.878" classname="com.citi.test.LoginTest"/>
  <system-out/>
  <testcase name="invalidCredentialTest" time="19.048" classname="com.citi.test.LoginTest"/>
  <system-out/>
</testsuite> <!-- com.citi.test.LoginTest -->
