<?xml version="1.0" encoding="UTF-8"?>
<!-- Generated by org.testng.reporters.JUnitReportReporter -->
<testsuite skipped="0" hostname="DESKTOP-81ARGGN" name="com.citi.test.DemoTest2" tests="1" failures="0" timestamp="2021-03-10T10:40:20 IST" time="10.092" errors="0">
  <testcase name="excelRead" time="10.092" classname="com.citi.test.DemoTest2"/>
  <system-out/>
</testsuite> <!-- com.citi.test.DemoTest2 -->
