<?xml version="1.0" encoding="UTF-8"?>
<!-- Generated by org.testng.reporters.JUnitReportReporter -->
<testsuite skipped="0" hostname="DESKTOP-81ARGGN" name="com.citi.test.PatientTest" tests="2" failures="0" timestamp="2021-03-10T10:54:25 IST" time="43.398" errors="0">
  <testcase name="addPatientTest" time="18.481" classname="com.citi.test.PatientTest"/>
  <system-out/>
  <testcase name="addPatientTest" time="24.917" classname="com.citi.test.PatientTest"/>
  <system-out/>
</testsuite> <!-- com.citi.test.PatientTest -->
