<?xml version="1.0" encoding="UTF-8"?>
<!-- Generated by org.testng.reporters.JUnitReportReporter -->
<testsuite skipped="0" hostname="DESKTOP-81ARGGN" name="com.citi.test.LoginTest" tests="1" failures="0" timestamp="2021-03-10T12:20:45 IST" time="10.294" errors="0">
  <testcase name="invalidCredentialTest" time="10.294" classname="com.citi.test.LoginTest"/>
  <system-out/>
</testsuite> <!-- com.citi.test.LoginTest -->
